2000-8.99449e-007
4.09965e-006
-8.00383e-007
1.00512e-007
4.79945e-006
-2.6507e-006
-2.60025e-006
-1.49948e-007
-1.50029e-007
-2.45008e-006
4.60042e-006
-3.05036e-006
-4.85035e-006
3.99887e-007
-1.99944e-006
-3.24981e-006
6.50204e-007
7.0024e-007
-1.19997e-006
-4.89977e-006
-4.40052e-006
-4.44985e-006
-2.54964e-006
-2.70009e-006
-5.03349e-008
-3.34958e-006
3.50018e-006
-3.9501e-006
4.49974e-006
2.75009e-006
-2.65065e-006
-1.70033e-006
-7.50447e-007
-2.9499e-006
-1.40046e-006
-9.9663e-008
-5.00023e-006
3.6003e-006
-2.29992e-006
4.55002e-006
2.00111e-007
-1.29972e-006
-4.24979e-006
-3.45098e-006
-2.80022e-006
-1.89987e-006
4.99671e-008
2.84956e-006
2.80066e-006
-3.55034e-006
3.40073e-006
-7.00034e-007
-5.99476e-007
-2.19916e-006
4.49923e-006
-2.00013e-006
-2.94996e-006
-3.00039e-006
3.05008e-006
4.8996e-006
-3.50037e-006
1.19929e-006
1.00065e-006
-3.19993e-006
4.54996e-006
3.59923e-006
-3.60039e-006
-3.49967e-006
-4.75018e-006
1.44967e-006
1.15104e-006
2.44974e-006
-4.70024e-006
-3.7e-006
3.35077e-006
-4.20033e-006
-2.80036e-006
-3.05046e-006
4.95056e-006
3.35028e-006
9.49692e-007
-3.39983e-006
3.95014e-006
1.10021e-006
-4.34988e-006
8.4996e-007
2.39918e-006
2.69961e-006
-1.99886e-007
2.95021e-006
-1.4988e-007
2.50015e-006
-2.65026e-006
4.96787e-008
-3.30039e-006
-1.10055e-006
-4.90044e-006
-1.45003e-006
2.55025e-006
3.09959e-006
-4.55053e-006
-6.9986e-007
-3.75013e-006
3.54957e-006
-3.15008e-006
1.85009e-006
-1.09985e-006
3.00002e-006
-1.5495e-006
-2.99985e-006
1.04953e-006
-3.34941e-006
3.44983e-006
2.75089e-006
3.75058e-006
4.99706e-007
-4.99276e-007
4.70047e-006
4.25062e-006
-1.99864e-007
-1.90027e-006
-3.90056e-006
-4.59995e-006
-1.09947e-006
-1.44994e-006
9.00405e-007
4.34981e-006
2.99975e-006
8.00173e-007
-1.30079e-006
3.94968e-006
-1.89989e-006
4.10029e-006
-1.24996e-006
2.90015e-006
-2.15003e-006
1.59936e-006
6.00317e-007
2.50028e-006
-1.80036e-006
-6.9979e-007
-1.7504e-006
1.50023e-006
4.35016e-006
4.00352e-007
-3.50001e-006
-4.99758e-007
6.99252e-007
4.10032e-006
-6.50373e-007
-1.45027e-006
2.49948e-006
4.50456e-007
3.24955e-006
-3.40018e-006
4.09967e-006
-1.39989e-006
3.75005e-006
-4.3503e-006
2.29988e-006
1.50407e-007
4.10067e-006
3.70033e-006
1.50028e-006
4.30001e-006
-1.99415e-007
2.79957e-006
-3.04976e-006
1.09932e-006
-2.65008e-006
2.4999e-006
2.99969e-006
1.29967e-006
7.00396e-007
1.59968e-006
4.85022e-006
3.29963e-006
-3.7502e-006
2.90077e-006
-1.49968e-006
-4.49589e-007
-3.54994e-006
3.64984e-006
-2.40045e-006
-1.64974e-006
-2.39964e-006
4.9504e-006
-1.90018e-006
5.99415e-007
-3.00064e-006
-2.69994e-006
-4.80007e-006
4.70032e-006
-3.74976e-006
3.00233e-007
3.30037e-006
4.54981e-006
2.44964e-006
4.25003e-006
-7.50129e-007
-4.55033e-006
4.99998e-007
4.50489e-007
-4.19962e-006
1.35034e-006
4.34959e-006
-3.94951e-006
-1.84991e-006
6.49485e-007
4.00161e-007
3.90034e-006
3.90036e-006
4.14964e-006
4.30013e-006
2.70005e-006
-3.2998e-006
3.00108e-007
-8.50555e-007
2.15011e-006
9.00142e-007
1.44898e-006
6.50677e-007
2.59969e-006
1.70033e-006
4.40031e-006
-4.79968e-006
-4.75019e-006
3.50002e-006
3.20028e-006
-4.90016e-006
-1.05083e-006
4.75034e-006
-3.84974e-006
-1.5496e-006
4.84973e-006
-3.39997e-006
2.54988e-006
-7.99843e-007
1.74937e-006
-2.54934e-006
2.34923e-006
2.14907e-006
8.49948e-007
-1.4999e-006
-1.99982e-006
2.95036e-006
2.60022e-006
-1.80018e-006
-2.15008e-006
4.70086e-006
4.94985e-006
9.00114e-007
1.09976e-006
-3.69989e-006
-9.95296e-008
2.00352e-007
-6.50492e-007
-6.49626e-007
-2.95028e-006
3.69946e-006
1.80063e-006
-6.50039e-007
-3.14998e-006
3.44989e-006
9.97526e-008
2.80072e-006
-2.79959e-006
-3.00036e-006
3.40081e-006
-4.74996e-006
1.8e-006
-2.05017e-006
9.97984e-008
-9.99824e-008
-2.95027e-006
2.30044e-006
2.60001e-006
2.40007e-006
4.84992e-006
-4.70006e-006
-6.50211e-007
-2.49996e-006
-3.5004e-006
1.29981e-006
1.10042e-006
2.39949e-006
7.49923e-007
3.8997e-006
-5.50314e-007
-1.30006e-006
-4.35017e-006
7.50317e-007
2.04912e-006
-4.80042e-006
4.69951e-006
-3.04914e-006
3.99672e-007
3.54932e-006
-2.40043e-006
-4.59992e-006
2.19994e-006
2.49969e-006
1.50029e-006
2.8504e-006
2.24983e-006
3.64931e-006
7.99532e-007
-4.65006e-006
-3.54951e-006
2.65008e-006
1.15049e-006
4.80028e-006
-3.49961e-006
-2.54984e-006
-4.70003e-006
-1.10008e-006
1.5501e-006
-1.1498e-006
2.04973e-006
1.20002e-006
3.19987e-006
-3.54936e-006
2.60019e-006
-2.24991e-006
6.50541e-007
1.05029e-006
-2.60039e-006
3.65025e-006
3.95009e-006
6.99915e-007
4.35026e-006
3.39948e-006
3.84972e-006
-6.50417e-007
-4.39975e-006
2.14987e-006
-1.25027e-006
3.39994e-006
6.00624e-007
-4.04989e-006
-5.00206e-007
-4.70091e-006
-1.80013e-006
-1.70023e-006
-2.4e-006
1.3999e-006
1.25047e-006
-4.69957e-006
2.34976e-006
-1.09981e-006
-3.10009e-006
2.10027e-006
2.10016e-006
-5.99624e-007
-3.60025e-006
3.15009e-006
-7.00393e-007
-1.49942e-006
1.65e-006
3.54971e-006
2.29961e-006
4.25015e-006
-8.5019e-007
-5.99548e-007
3.50004e-006
-1.00065e-006
8.5039e-007
4.25049e-006
-3.00288e-007
-8.50163e-007
-2.0501e-006
-4.24973e-006
3.30001e-006
-1.25054e-006
-6.99733e-007
-4.1999e-006
4.34971e-006
2.55092e-006
4.44946e-006
4.99838e-007
2.00068e-006
-2.25034e-006
3.79967e-006
-3.40018e-006
-3.74984e-006
-2.45063e-006
-1.45035e-006
-3.05007e-006
-2.09977e-006
-2.39973e-006
-2.45027e-006
-1.74962e-006
-3.00054e-006
4.19978e-006
3.5028e-007
3.4001e-006
2.70021e-006
-1.49905e-007
-1.05076e-006
7.5051e-007
-3.40027e-006
9.50121e-007
2.95043e-006
3.14999e-006
-2.0498e-006
2.99931e-006
1.19968e-006
-4.2998e-006
-4.94991e-006
9.00241e-007
4.79984e-006
4.49953e-006
1.99999e-006
-1.40012e-006
2.64931e-006
3.09958e-006
-4.39956e-006
2.49942e-006
-2.44965e-006
-8.49994e-007
-3.44916e-006
-1.75016e-006
-4.99961e-006
4.55011e-006
-3.45014e-006
-1.04987e-006
-5.0024e-007
-3.00052e-006
3.14993e-006
2.99541e-007
-2.00368e-007
5.00181e-008
-2.04983e-006
-1.30052e-006
-4.45029e-006
-2.49925e-007
1.50586e-007
-1.95016e-006
-4.54977e-006
-3.99988e-007
1.40043e-006
3.25019e-006
2.39963e-006
-2.69966e-006
8.49866e-007
-1.50284e-007
-4.85006e-006
4.79978e-006
-1.49975e-006
4.25029e-006
3.3005e-006
-2.50341e-007
-4.80054e-006
-1.09998e-006
-2.69973e-006
-4.30008e-006
-7.50003e-007
1.00662e-007
-3.30032e-006
-1.39934e-006
3.15007e-006
3.54964e-006
1.90057e-006
3.7999e-006
3.64952e-006
2.45004e-006
4.09975e-006
-4.45034e-006
4.7992e-006
3.89987e-006
3.75065e-006
-2.45097e-006
3.3499e-006
2.80013e-006
-2.80014e-006
-1.09978e-006
1.70063e-006
3.09935e-006
-1.94992e-006
1.50146e-007
-1.75038e-006
1.19965e-006
-4.10004e-006
-1.24994e-006
3.80005e-006
1.15013e-006
-3.99655e-007
1.59983e-006
-1.59907e-006
-2.35034e-006
2.50553e-007
-2.0021e-007
2.79979e-006
-3.60006e-006
-1.65018e-006
2.9994e-007
-4.59955e-006
3.79964e-006
1.90056e-006
-1.04974e-006
-2.9999e-006
2.15031e-006
2.80025e-006
-5.49672e-007
-7.50225e-007
-2.04959e-006
7.49586e-007
-2.30021e-006
-3.00029e-007
-1.6495e-006
4.5001e-006
-9.50078e-007
1.55025e-006
4.95026e-006
-3.09951e-006
-2.25077e-006
8.49429e-007
3.39993e-006
-4.95037e-006
-9.002e-007
2.30015e-006
1.64957e-006
1.8497e-006
-9.50772e-007
1.99943e-006
2.10001e-006
-3.95023e-006
1.2004e-006
1.55061e-006
-4.50316e-007
-4.34937e-006
1.55009e-006
5.03577e-008
1.20027e-006
4.3003e-006
-4.64995e-006
8.00232e-007
2.99763e-007
-4.98822e-008
-3.04987e-006
-2.5024e-007
2.39996e-006
4.59981e-006
1.54987e-006
1.00202e-007
3.89961e-006
4.64934e-006
-4.85028e-006
-5.5e-007
-1.14963e-006
3.75072e-006
1.40002e-006
-5.49874e-007
3.99402e-007
1.39954e-006
-3.75059e-006
8.50794e-007
-2.64944e-006
4.95044e-006
4.89946e-006
2.04972e-006
1.29945e-006
-1.34981e-006
1.75039e-006
3.89933e-006
1.04983e-006
-1.84996e-006
3.64957e-006
-3.69994e-006
-1.7505e-006
-2.09982e-006
3.35006e-006
-1.4502e-006
-1.5497e-006
-4.94996e-006
-2.3497e-006
2.2001e-006
-3.49836e-007
8.50114e-007
-6.49491e-007
-1.90057e-006
4.30036e-006
3.99984e-006
-3.09964e-006
2.99958e-006
-2.84965e-006
-2.60015e-006
3.0502e-006
-7.00602e-007
3.79962e-006
-1.79983e-006
2.99956e-006
-2.99959e-006
6.50115e-007
-2.40025e-006
2.74985e-006
-3.10008e-006
1.69985e-006
-3.9503e-006
-4.04979e-006
-4.14982e-006
1.79939e-006
3.10009e-006
-1.45021e-006
-2.19962e-006
-3.50007e-006
-8.50338e-007
-2.64988e-006
1.15028e-006
6.00441e-007
3.80019e-006
3.54938e-006
-4.899e-006
-2.50258e-007
-2.49998e-006
-4.40005e-006
1.29955e-006
-1.29972e-006
-2.00575e-007
-2.15059e-006
-1.10032e-006
1.4509e-006
2.69936e-006
3.89972e-006
-2.10017e-006
-3.9996e-006
4.19997e-006
-2.49745e-007
-8.49771e-007
3.19994e-006
4.74966e-006
2.24997e-006
2.54927e-006
2.55041e-006
3.85033e-006
2.54975e-006
-2.59997e-006
4.94975e-006
3.60039e-006
-9.50269e-007
3.70012e-006
-1.59978e-006
3.60054e-006
-3.85003e-006
2.15057e-006
-1.59985e-006
2.54975e-006
-9.00202e-007
4.45001e-006
-3.34975e-006
1.4967e-007
6.50498e-007
-1.84947e-006
1.89952e-006
-5.054e-008
-7.99853e-007
3.24974e-006
-4.25013e-006
-3.19977e-006
-2.44998e-006
2.14985e-006
-2.94964e-006
-4.19993e-006
9.5005e-007
1.69992e-006
-2.70089e-006
3.45033e-006
-4.65029e-006
-4.14963e-006
-4.59953e-006
1.70005e-006
-4.04999e-006
1.40062e-006
2.94942e-006
1.49523e-007
-2.84966e-006
7.99366e-007
-2.95062e-006
-7.50144e-007
4.20068e-006
2.3496e-006
1e-006
-1.44995e-006
3.0499e-006
-4.64988e-006
1.9494e-006
-1.55028e-006
-2.69961e-006
2.94961e-006
3.09974e-006
-1.44989e-006
2.94949e-006
4.39973e-006
1.70005e-006
-7.00066e-007
3.64986e-006
-1.95025e-006
8.49991e-007
2.50062e-007
-3.05092e-006
4.69972e-006
-3.74992e-006
3.39999e-006
-3.54985e-006
4.35012e-006
2.70064e-006
-4.84999e-006
-1.84968e-006
-2.19992e-006
-4.3003e-006
-8.50387e-007
4.10017e-006
-4.89961e-006
1.74956e-006
4.90032e-006
3.44977e-006
-4.60028e-006
3.20013e-006
-2.99681e-007
-2.00456e-007
-1.30026e-006
-3.55012e-006
-2.0499e-006
-2.45027e-006
-4.19997e-006
-2.84922e-006
-4.84941e-006
1.94938e-006
-3.25026e-006
-1.5497e-006
4.19981e-006
-2.64985e-006
2.30006e-006
-2.44989e-006
-4.54996e-006
5.50568e-007
8.49906e-007
-7.50253e-007
-1.4501e-006
-4.00059e-006
4.84989e-006
-2.44979e-006
2.20043e-006
-1.19983e-006
9.99967e-007
-2.70011e-006
-2.29996e-006
3.45018e-006
3.40054e-006
-4.34984e-006
3.79997e-006
-4.89927e-006
-1.15037e-006
-4.19971e-006
3.29969e-006
-2.00022e-007
-1.95042e-006
3.39964e-006
3.44942e-006
1.04944e-006
2.70069e-006
3.19975e-006
-3.00047e-006
-3.44974e-006
3.49916e-007
7.99557e-007
1.15023e-006
-1.74973e-006
4.20059e-006
9.99554e-007
-2.89903e-006
3.80003e-006
1.84974e-006
-5.99958e-007
-3.09976e-006
-4.89971e-006
3.34956e-006
8.50281e-007
-3.15041e-006
1.45091e-006
1.05049e-006
-7.00533e-007
6.99759e-007
4.79967e-006
3.35023e-006
1.14992e-006
-3.70005e-006
1.19967e-006
-5.00069e-007
4.50102e-007
4.09953e-006
-4.25007e-006
2.59971e-006
3.5507e-006
-4.65002e-006
2.9498e-006
-1.25001e-006
4.45038e-006
-1.1998e-006
-4.49804e-007
1.0999e-006
-4.50296e-007
4.09974e-006
-1.60012e-006
-1.10022e-006
2.8498e-006
3.1501e-006
-3.80029e-006
2.09976e-006
-7.99697e-007
-4.35018e-006
-2.55028e-006
-9.96488e-008
4.1502e-006
3.50079e-007
-2.69996e-006
2.29932e-006
2.49983e-006
-3.15007e-006
1.80045e-006
1.69991e-006
-9.98963e-008
-2.80023e-006
2.84942e-006
-3.44992e-006
1.0998e-006
9.50184e-007
-2.49422e-007
-2.40045e-006
9.98927e-008
-1.4998e-006
4.45025e-006
3.24978e-006
3.30033e-006
-5.50136e-007
3.00028e-006
-4.10037e-006
-3.70019e-006
2.65043e-006
5.00571e-007
4.00006e-006
3.95013e-006
8.49541e-007
3.04988e-006
-3.29951e-006
2.0063e-007
1.24986e-006
4.20012e-006
-2.80022e-006
-9.95924e-008
-4.95006e-006
2.37721e-010
3.14967e-006
-1.44987e-006
2.69988e-006
3.94996e-006
-3.94946e-006
2.64959e-006
-4.70002e-006
3.75015e-006
-4.80006e-006
-3.85013e-006
1.74909e-006
2.95056e-006
5.99758e-007
3.85005e-006
4.96758e-008
-4.00025e-006
1.35027e-006
1.39972e-006
-4.70019e-006
-3.99891e-007
7.50359e-007
3.50012e-006
2.40009e-006
-3.34972e-006
4.75069e-006
-4.14925e-006
4.89948e-006
3.90015e-006
-3.45073e-006
3.25009e-006
8.49082e-007
-2.59971e-006
-4.65021e-006
-3.99817e-007
5.49521e-007
-9.49637e-007
1.2e-006
1.39951e-006
-3.10077e-006
-3.44999e-006
3.25056e-006
4.1996e-006
-4.5503e-006
-4.94983e-006
1.50027e-006
1.20001e-006
6.00494e-007
-2.60009e-006
-1.59988e-006
-1.94984e-006
-1.99993e-006
3.00133e-007
2.25018e-006
1.05056e-006
2.00028e-006
-1.49667e-007
2.34952e-006
4.30006e-006
-1.99475e-007
-1.95059e-006
1.85034e-006
2.60019e-006
4.19968e-006
2.40018e-006
-3.19983e-006
1.4501e-006
8.49616e-007
-1.80004e-006
3.50667e-007
-2.64982e-006
4.1003e-006
-1.84989e-006
1.00609e-007
2.65035e-006
2.75023e-006
8.0019e-007
-7.50211e-007
3.74993e-006
-3.60013e-006
-2.79942e-006
-4.60007e-006
-3.69993e-006
-4.55039e-006
-4.14922e-006
-1.40004e-006
-4.99923e-006
-4.49604e-007
-5.5022e-007
1.20006e-006
3.94999e-006
-9.5019e-007
4.95025e-006
7.82963e-011
-4.5021e-007
3.60052e-006
-3.40046e-006
-2.60003e-006
-4.29944e-006
3.50036e-006
-2.99928e-007
3.45039e-006
-1.09972e-006
4.98472e-008
-1.44945e-006
-2.69954e-006
3.09933e-006
1.99992e-006
1.00391e-007
5.50133e-007
3.09971e-006
5.50242e-007
-3.00062e-006
8.49221e-007
4.54889e-006
4.54995e-006
4.55031e-006
-2.99657e-007
3.79996e-006
3.54989e-006
2.99941e-007
-2.00001e-006
3.25017e-006
-4.49732e-007
-3.75008e-006
4.15003e-006
8.99935e-007
5.5024e-007
-1.91903e-010
-1.14964e-006
-8.50067e-007
-1.40013e-006
-4.79992e-006
2.19981e-006
-3.94988e-006
3.2505e-006
-2.19983e-006
4.95e-006
2.34929e-006
4.90037e-006
3.00041e-006
-2.90035e-006
-2.34965e-006
1.54976e-006
3.59996e-006
-2.14949e-006
4.3994e-006
-4.75037e-006
-1.94959e-006
-2.75033e-006
-1.0498e-006
-4.49983e-006
-2.50025e-006
-3.95027e-006
-4.6999e-006
2.84971e-006
1.94976e-006
2.64988e-006
-1.75034e-006
-3.24978e-006
2.60002e-006
-4.99418e-007
-5.00023e-006
-3.94998e-006
4.70026e-006
-3.49944e-006
-1.19993e-006
3.59973e-006
-4.19967e-006
2.95031e-006
-4.79947e-006
-1.85035e-006
-5.00141e-007
-1.20009e-006
-1.00013e-006
-6.49536e-007
1.9986e-007
3.30021e-006
-4.14964e-006
-8.99773e-007
3.14957e-006
-2.00064e-006
5.00457e-007
3.89964e-006
4.30008e-006
2.0997e-006
-3.04978e-006
-2.70088e-006
-1.14995e-006
-2.80006e-006
3.19969e-006
-1.09996e-006
2.7998e-006
9.00223e-007
1.65039e-006
-4.04972e-006
-1.8009e-006
4.84999e-006
-1.24979e-006
1.20008e-006
1.00009e-006
-1.99917e-007
-1.54963e-006
-4.94985e-006
-4.00196e-007
4.15051e-006
-4.44995e-006
-4.49999e-006
3.59997e-006
-1.30045e-006
-2.6998e-006
4.6006e-006
3.04991e-006
3.50069e-006
-1.55075e-006
2.99751e-007
7.00336e-007
-7.00455e-007
1.40064e-006
4.59986e-006
1.75014e-006
-3.90005e-006
4.14991e-006
-2.90009e-006
5.9973e-007
1.55008e-006
-8.49434e-007
-1.74948e-006
4.09918e-006
-1.24946e-006
4.29962e-006
-2.45001e-006
-3.39998e-006
-2.99957e-006
2.10002e-006
3.89966e-006
3.29978e-006
4.69959e-006
-1.05049e-006
-1.50027e-006
-3.00019e-006
4.1498e-006
3.4975e-007
3.24974e-006
-3.85056e-006
-4.54977e-006
1.20006e-006
4.65003e-006
-4.90057e-006
-3.84959e-006
-4.55064e-006
4.64994e-006
-2.55002e-006
-5.50349e-007
-4.99636e-007
4.49915e-006
-8.00194e-007
2.9502e-006
-2.59993e-006
2.89951e-006
4.00041e-006
-3.29937e-006
-4.55014e-006
-4.49961e-007
-6.00145e-007
3.04991e-006
-2.24898e-006
4.80012e-006
6.00079e-007
3.99603e-007
-9.00559e-007
-1.49341e-007
-1.19942e-006
-4.00292e-007
-4.99986e-006
3.55023e-006
4.04931e-006
5.50335e-007
1.94978e-006
-4.551e-006
-2.50013e-006
2.55023e-006
2.29938e-006
-2.45006e-006
-4.04977e-006
-2.84904e-006
2.44957e-006
-5.50241e-007
-4.5994e-006
3.59964e-006
-1.95025e-006
-2.95071e-011
-2.09984e-006
2.49866e-007
3.79938e-006
-1.24989e-006
2.60028e-006
-4.99075e-007
3.80004e-006
-6.99907e-007
1.4997e-006
1.34923e-006
4.45028e-006
-1.94984e-006
-1.00007e-006
-4.99945e-006
1.24952e-006
-2.99977e-006
3.55071e-006
2.09997e-006
-2.50059e-006
4.19994e-006
-2.0997e-006
2.0005e-007
-1.25075e-006
3.19971e-006
-1.1503e-006
8.99693e-007
1.39999e-006
4.50321e-007
-7.99349e-007
3.39996e-006
-4.99572e-007
-2.14997e-006
-4.19985e-006
-6.49744e-007
-2.25e-006
-3.30045e-006
3.00022e-006
-3.70016e-006
1.89951e-006
4.1505e-006
-3.99955e-006
-2.55007e-006
-3.39959e-006
2.99969e-006
-8.00212e-007
4.50051e-007
-2.4996e-006
2.09967e-006
-2.14966e-006
-3.19945e-006
-5.50063e-007
9.99256e-007
-2.10006e-006
-4.20054e-006
-3.60012e-006
9.9756e-008
4.54997e-006
-9.49562e-007
-3.64959e-006
-1.00003e-006
2.24992e-006
4.05025e-006
1.75055e-006
-2.49957e-007
-3.90002e-006
2.50017e-006
-2.65066e-006
1.89922e-006
2.19947e-006
3.54965e-006
3.50544e-007
2.65034e-006
4.10024e-006
-2.80046e-006
3.9498e-006
-3.5996e-006
-3.75011e-006
-4.15031e-006
-4.65004e-006
-1.20049e-006
-4.64956e-006
-2.04962e-006
-2.20017e-006
4.14965e-006
-2.50086e-006
2.65077e-006
-3.15037e-006
-1.99907e-007
4.6504e-006
1.55006e-006
-2.7006e-006
-3.1996e-006
4.44975e-006
3.89949e-006
4.7997e-006
3.99997e-006
1.99996e-006
-3.99967e-007
4.10058e-006
2.64965e-006
1.99602e-007
-4.50114e-007
-7.9974e-007
3.09946e-006
-4.20056e-006
3.70024e-006
-1.90029e-006
-3.39984e-006
3.25014e-006
1.29996e-006
3.19965e-006
-1.34906e-006
-2.35021e-006
2.30039e-006
9.49978e-007
3.7501e-006
-4.9003e-006
-8.99878e-007
-3.0991e-006
6.49441e-007
-8.49511e-007
-1.49963e-006
4.2507e-006
5.50498e-007
-4.15001e-006
2.89991e-006
-1.34971e-006
7.005e-007
-1.29986e-006
2.34988e-006
-3.55011e-006
2.24997e-006
-4.59987e-006
-4.00049e-006
5.0476e-008
-2.79982e-006
1.10046e-006
3.85022e-006
-2.54939e-006
3.5501e-006
-2.9502e-006
-4.90022e-006
4.25008e-006
1.75016e-006
3.15011e-006
2.99994e-006
2.10013e-006
2.94993e-006
7.00546e-007
-4.90011e-006
-1.84998e-006
-4.05072e-006
-3.55021e-006
1.40036e-006
-2.75063e-006
3.49804e-007
4.84986e-006
2.75008e-006
3.29964e-006
-1.80025e-006
1.00019e-006
-9.49382e-007
4.40013e-006
-1.0004e-006
9.99672e-007
1.20015e-006
2.9004e-006
1.64964e-006
-6.92689e-010
-8.006e-007
3.59967e-006
-2.65048e-006
8.49377e-007
5.50026e-007
-4.64984e-006
-3.59966e-006
2.49828e-007
-1.44967e-006
-1.95045e-006
-1.49959e-006
4.30073e-006
7.50971e-007
6.0026e-007
2.40009e-006
-3.44974e-006
-1.2506e-006
-3.79967e-006
-6.49468e-007
3.05038e-006
3.35044e-006
3.50053e-007
-3.49757e-007
-2.70011e-006
3.00027e-006
-2.05048e-006
2.99999e-006
-4.60023e-006
-3.15056e-006
-3.84932e-006
-2.50057e-007
2.50051e-006
-1.9e-006
-3.45018e-006
-5.00189e-007
3.04965e-006
4.40027e-006
-3.60007e-006
4.30008e-006
3.7496e-006
-2.7502e-006
3.99615e-007
5.00174e-007
-2.49977e-006
-4.05005e-006
4.25014e-006
1.70068e-006
1.05006e-006
2.05021e-006
1.15009e-006
-4.09996e-006
-1.15074e-006
1.6008e-006
-1.8004e-006
3.55003e-006
-3.95008e-006
-6.4997e-007
-1.29995e-006
4.19984e-006
-2.9997e-006
2.90004e-006
-2.00076e-007
-1.49747e-007
-1.35036e-006
3.85013e-006
4.70069e-006
9.97285e-008
3.64996e-006
-2.00161e-007
6.50168e-007
3.75039e-006
-1.09977e-006
2.40018e-006
-8.49807e-007
4.5017e-007
-1.30056e-006
2.39992e-006
-9.00396e-007
2.15012e-006
-1.60037e-006
-1.7999e-006
2.10031e-006
-1.49938e-006
3.84896e-006
2.19987e-006
-3.14991e-006
-1.79952e-006
-1.25048e-006
1.25072e-006
-3.35026e-006
4.14976e-006
-2.60047e-006
-7.00485e-007
-4.54998e-006
3.50017e-006
-1.64962e-006
3.14961e-006
-3.50256e-007
-2.55029e-006
2.64975e-006
3.6496e-006
4.89964e-006
4.85026e-006
-1.2001e-006
2.29958e-006
4.35035e-006
-1.54979e-006
-4.99314e-007
-1.59927e-006
-4.80035e-006
-2.94996e-006
9.98323e-008
3.49849e-007
6.49954e-007
-1.34986e-006
-1.95043e-006
4.4934e-007
-3.69994e-006
-3.10009e-006
-4.54976e-006
-1.19962e-006
-1.40009e-006
-2.49743e-007
-1.7503e-006
4.54886e-006
1.50089e-006
-2.40013e-006
1.64964e-006
-2.29952e-006
-1.99241e-007
1.64958e-006
1.64988e-006
-2.55034e-006
-8.50085e-007
-8.50248e-007
1.90031e-006
-2.94981e-006
4.29966e-006
2.80024e-006
-1.65011e-006
2.45004e-006
8.4993e-007
3.15006e-006
-3.79953e-006
-3.14987e-006
3.60024e-006
-3.5495e-006
-1.50047e-007
-5.00293e-007
-1.85032e-006
-2.04962e-006
4.54954e-006
3.0013e-007
-2.2505e-006
4.10031e-006
-3.75034e-006
1.49364e-007
-4.49864e-007
-4.75012e-006
-1.44993e-006
-2.60054e-006
-3.24975e-006
2.65012e-006
-2.54985e-006
2.89982e-006
-3.39993e-006
-3.40005e-006
-1.80053e-006
-3.39982e-006
2.24989e-006
-4.80049e-006
-4.8493e-006
-2.30041e-006
-6.99677e-007
3.99494e-007
-4.8998e-006
-5.99622e-007
4.14993e-006
1.80004e-006
8.49388e-007
-7.00165e-007
-7.99841e-007
-1.49785e-007
-2.35039e-006
-2.54973e-006
2.50075e-006
4.10067e-006
3.05019e-006
4.60046e-006
-1.9997e-006
4.94982e-006
-9.49612e-007
7.50377e-007
-1.09941e-006
1.99964e-006
3.24994e-006
-3.29918e-006
4.05033e-006
-4.29983e-006
-7.0019e-007
9.00255e-007
-4.99967e-006
-4.40039e-006
1.54992e-006
4.10016e-006
-1.04965e-006
2.09979e-006
-3.20001e-006
-3.69977e-006
-9.00023e-007
4.80005e-006
-5.50019e-007
-1.65057e-006
2.70005e-006
-4.24962e-006
4.75065e-006
-1.44996e-006
4.44973e-006
2.85007e-006
-1.34988e-006
-5.99183e-007
-3.14946e-006
-3.40035e-006
3.15086e-006
-7.0021e-007
-2.09975e-006
-1.80005e-006
-2.54946e-006
5.50582e-007
3.09999e-006
-3.65034e-006
2.00024e-006
4.92907e-008
4.15026e-006
2.34984e-006
-4.0495e-006
-1.44972e-006
-1.99893e-007
4.95006e-006
2.89994e-006
-2.34946e-006
1.64936e-006
-4.59992e-006
-1.14971e-006
-3.45053e-006
-3.05032e-006
2.40044e-006
-4.15011e-006
-4.69986e-006
2.00004e-006
-1.15001e-006
1.44959e-006
4.65014e-006
-2.30095e-006
2.99754e-007
8.4944e-007
4.60003e-006
3.65018e-006
1.14983e-006
-1.55004e-006
2.79931e-006
2.15014e-006
2.49684e-007
-5.00246e-007
3.94991e-006
-2.99618e-007
-4.44975e-006
-4.98857e-008
2.54996e-006
2.50269e-007
6.50692e-007
3.39952e-006
3.35062e-006
2.00336e-007
1.94983e-006
4.24989e-006
-4.40076e-006
3.59951e-006
3.09971e-006
9.49142e-007
-2.35005e-006
-4.85014e-006
4.50012e-007
4.65001e-006
3.00074e-007
5.50737e-007
-2.4e-006
2.14947e-006
3.55003e-006
4.59985e-006
2.5495e-006
-5.50194e-007
-3.39991e-006
2.79954e-006
-4.30034e-006
1.80002e-006
2.70059e-006
1.64966e-006
-1.70021e-006
1.94984e-006
-2.20106e-006
3.49978e-006
-2.4996e-006
-3.2994e-006
-4.89992e-006
4.75053e-006
-2.2498e-006
4.49939e-007
3.80008e-006
-5.49667e-007
4.55034e-006
-1.54962e-006
3.95071e-006
3.90063e-006
8.00193e-007
-3.35026e-006
4.69989e-006
3.8002e-006
-3.14976e-006
-1.34995e-006
-3.94989e-006
2.35071e-006
7.00332e-007
4.49891e-007
4.4985e-007
-4.94986e-006
4.40025e-006
-4.30015e-006
-3.80018e-006
-1.60007e-006
-2.49958e-006
1.94983e-006
2.60026e-006
-3.64971e-006
-1.19977e-006
2.80018e-006
1.25009e-006
3.70048e-006
-4.99854e-007
4.30027e-006
1.24909e-006
-2.30009e-006
5.08216e-008
-4.94203e-008
4.29955e-006
-1.00567e-007
-1.6001e-006
-4.14947e-006
-2.0497e-006
-2.49966e-006
-1.85023e-006
-2.8495e-006
-4.59921e-006
-4.69945e-006
-2.70039e-006
-1.7001e-006
4.24956e-006
-1.10016e-006
4.69978e-006
4.40018e-006
4.55088e-006
3.15025e-006
3.04952e-006
1.54974e-006
-2.94975e-006
1.99976e-006
1.30014e-006
3.29978e-006
1.7495e-006
2.49814e-007
-1.09982e-006
-2.70025e-006
-5.0041e-007
-4.84927e-006
-3.70009e-006
-4.54982e-006
1.99579e-007
1.45037e-006
4.75016e-006
3.84961e-006
3.14948e-006
3.15043e-006
1.39976e-006
-7.49893e-007
-1.69995e-006
-4.95033e-006
7.00693e-007
4.4999e-006
-3.50007e-006
2.74994e-006
-1.85017e-006
-3.70027e-006
-2.30018e-006
2.69994e-006
-3.34996e-006
-8.49642e-007
1.0998e-006
-2.74996e-006
-3.44993e-006
-1.79996e-006
-1.70027e-006
2.80015e-006
-4.14989e-006
-2.10042e-006
-1.5001e-006
-5.00001e-006
-3.39994e-006
3.34978e-006
1.74964e-006
1.9999e-007
-3.24936e-006
6.49733e-007
-2.80021e-006
-8.00419e-007
-1.69983e-006
4.9499e-006
-3.55024e-006
3.85932e-010
8.50294e-007
7.0105e-007
-1.29958e-006
-1.79994e-006
3.24977e-006
1.39994e-006
-4.39993e-006
-1.34882e-006
-1.75004e-006
4.75006e-006
-3.69994e-006
3.69986e-006
3.05002e-006
-4.10023e-006
-7.99555e-007
1.34978e-006
4.49806e-007
-2.30001e-006
-4.84995e-006
-2.75062e-006
-2.30007e-006
-3.14989e-006
-2.75041e-006
2.95035e-006
-4.10023e-006
-3.75056e-006
1.59996e-006
-2.74991e-006
-2.84978e-006
4.24985e-006
-2.0001e-007
1.75042e-006
-2.15066e-006
3.70075e-006
2.54993e-006
-4.69952e-006
1.50025e-006
1.30053e-006
-1.65019e-006
-6.00415e-007
-3.79958e-006
-5.00578e-008
-4.50034e-007
2.95039e-006
3.89998e-006
-3.59995e-006
4.54986e-006
-2.44988e-006
1.0503e-006
-3.29983e-006
4.15045e-006
-1.30096e-006
1.14993e-006
2.74966e-006
-3.19961e-006
2.899e-006
3.89975e-006
6.50161e-007
4.84999e-006
-4.29993e-006
-1.95003e-006
-2.84993e-006
-1.69963e-006
3.00215e-007
3.19955e-006
-3.29976e-006
4.7999e-006
2.34927e-006
1.40002e-006
4.40025e-006
-2.55032e-006
-1.84992e-006
2.19958e-006
4.75008e-006
3.94912e-006
1.79987e-006
-4.00027e-006
1.29968e-006
4.24973e-006
-1.89998e-006
8.00024e-007
3.30014e-006
7.99804e-007
2.54988e-006
-1.3494e-006
2.64987e-006
1.95022e-006
4.96422e-008
-2.50019e-006
3.84985e-006
-1.50051e-006
-3.85055e-006
9.50089e-007
-4.70021e-006
4.49838e-007
4.05017e-006
-2.99941e-006
-1.89973e-006
-2.99972e-006
1.00002e-006
4.45033e-006
7.50252e-007
-1.99962e-007
3.29953e-006
-3.85044e-006
-4.05081e-006
-3.60042e-006
1.84978e-006
-7.5031e-007
6.49732e-007
3.31952e-010
4.65015e-006
-3.40038e-006
-9.00226e-007
-1.80067e-006
-2.79993e-006
-3.09987e-006
-4.99957e-006
2.65054e-006
1.20032e-006
-1.50804e-007
-4.15015e-006
2.50034e-006
-2.99943e-006
-4.20016e-006
-4.59985e-006
-2.24965e-006
4.60015e-006
-4.05014e-006
-2.10026e-006
-7.50298e-007
1.2498e-006
-8.4982e-007
2.49494e-007
-3.09976e-006
3.3e-006
-3.44926e-006
-3.25011e-006
-1.14945e-010
3.14915e-006
-3.04961e-006
2.74986e-006
1.49746e-007
-1.20011e-006
-5.00806e-008
2.50064e-006
-3.55e-006
2.65036e-006
-2.40081e-006
1.30006e-006
-2.59987e-006
1.15045e-006
-5.50129e-007
-4.90013e-006
-3.05026e-006
-1.75052e-006
4.29975e-006
-9.0028e-007
3.00192e-007
3.50519e-007
3.35012e-006
-3.8998e-006
1.44982e-006
3.10023e-006
-2.95005e-006
4.54958e-006
4.50362e-007
-3.49621e-007
4.90033e-006
-2.79959e-006
4.85e-006
-4.40017e-006
-4.14889e-006
-7.50873e-007
4.64974e-006
-2.64973e-006
9.49775e-007
-4.8995e-006
3.89967e-006
-1.10077e-006
2.25032e-006
3.20039e-006
-2.30088e-006
-4.89998e-006
-3.80006e-006
4.69998e-006
1.50058e-007
1.50031e-006
4.7505e-006
-3.60037e-006
-2.00005e-006
2.90029e-006
-8.49471e-007
4.30079e-006
3.69963e-006
4.9504e-006
-3.49994e-006
2.04908e-006
-2.80013e-006
2.4001e-006
-2.99045e-007
4.00004e-006
-2.29933e-006
-7.49758e-007
-2.50015e-006
-1.44977e-006
-4.80061e-006
1.89972e-006
-4.99901e-007
-3.10008e-006
4.99668e-007
-4.05075e-006
-2.2498e-006
-4.10012e-006
3.64995e-006
-3.74987e-006
2.0085e-007
1.50012e-006
2.20055e-006
-4.84945e-006
-2.74991e-006
-2.7001e-006
9.49663e-007
6.49985e-007
1.0048e-007
-6.99733e-007
-4.10021e-006
-1.60023e-006
-8.00029e-007
2.74994e-006
2.9971e-007
-5.03055e-008
2.50067e-006
1.99981e-006
9.97027e-008
4.10048e-006
3.99827e-007
6.50378e-007
1.00622e-007
4.04954e-006
-4.29994e-006
-3.69999e-006
-2.05062e-006
-4.59974e-006
-4.35006e-006
4.20042e-006
1.95025e-006
3.00034e-006
1.34958e-006
-2.89996e-006
-3.79935e-006
7.99262e-007
3.29978e-006
3.39977e-006
-2.49994e-006
-4.75051e-006
-4.9973e-007
4.29981e-006
-1.85046e-006
1.85066e-006
3.45051e-006
-3.3506e-006
-3.35007e-006
-4.49982e-006
1.64988e-006
-3.60041e-006
3.75006e-006
1.50195e-007
-2.34988e-006
-2.85054e-006
