3002.96642e-005
1.40057e-005
2.03427e-005
-8.6672e-006
-5.65897e-006
2.69941e-005
-6.99286e-006
-2.86705e-005
1.86639e-005
-1.29893e-005
-1.7659e-005
-3.65737e-006
2.23353e-005
-1.86746e-005
-1.46678e-005
-3.19974e-005
-3.3332e-007
-2.99917e-005
2.59912e-005
-5.33107e-006
1.13419e-005
1.63346e-005
-1.09989e-005
-6.66863e-007
3.06669e-005
2.99672e-006
-1.13291e-005
2.66586e-005
-2.26581e-005
3.06608e-005
1.43288e-005
2.53297e-005
8.32691e-006
2.20017e-005
-1.32515e-006
1.70063e-005
-1.53171e-005
-1.29975e-005
2.93255e-005
-1.76573e-005
-1.43384e-005
2.7009e-005
-3.33142e-006
1.13195e-005
-1.99792e-006
-1.06599e-005
4.3378e-006
2.43307e-005
1.86754e-005
1.53237e-005
-1.70147e-005
7.33298e-006
-2.50004e-005
5.99723e-006
1.32565e-006
2.66646e-006
-1.26659e-005
2.46788e-005
-7.34112e-006
-9.88791e-007
1.99887e-005
-1.16685e-005
-3.98955e-006
-6.52488e-007
8.98829e-006
1.00324e-006
-1.50101e-005
1.09964e-005
-2.76594e-005
-2.33316e-005
-1.00305e-006
2.56711e-005
-2.03348e-005
-2.33428e-005
-2.0674e-005
-1.29972e-005
-2.6003e-005
-2.60014e-005
2.33169e-006
-2.03392e-005
8.65932e-006
1.33364e-005
-2.76759e-005
-3.33423e-005
3.32364e-006
1.16689e-005
3.30089e-005
1.13378e-005
3.20091e-005
1.43278e-005
-6.69217e-007
-3.33441e-005
6.66334e-006
-2.43306e-005
-2.43289e-005
-1.03346e-005
-2.50039e-005
-3.03325e-005
-3.99704e-006
-1.33357e-005
6.70029e-007
1.46608e-005
6.67111e-006
2.66375e-006
3.26701e-005
2.00032e-005
-3.23414e-005
2.66521e-006
-7.008e-006
-1.4669e-005
1.66608e-005
-8.33017e-006
-1.96705e-005
-1.79976e-005
-3.33549e-007
1.99899e-005
1.56732e-005
-1.40017e-005
-1.26716e-005
4.67354e-006
1.8332e-005
-8.65904e-006
2.4996e-005
3.06709e-005
-8.66193e-006
2.16659e-005
-1.00069e-005
2.03345e-005
2.69893e-005
2.39955e-005
1.23401e-005
-2.133e-005
1.33395e-005
7.66862e-006
1.20024e-005
3.99301e-006
2.19861e-005
-2.43289e-005
-9.93693e-007
-2.93364e-005
9.66599e-006
3.16696e-005
-3.32631e-006
2.76615e-005
3.23328e-005
1.76607e-005
-3.16532e-005
1.19997e-005
-2.23323e-005
2.43369e-005
2.46677e-005
1.6664e-005
2.40011e-005
1.63297e-005
3.00039e-005
1.46556e-005
-1.59957e-005
2.29917e-005
-2.16737e-005
-1.7987e-005
-2.46597e-005
3.66402e-006
-1.60031e-005
2.1668e-005
-2.43275e-005
-1.50024e-005
-2.4998e-005
-2.33404e-006
-1.00016e-005
6.66626e-006
2.23282e-005
2.69918e-005
-1.06693e-005
1.96824e-005
-1.99931e-005
-3.19956e-005
7.33284e-006
2.7338e-005
-2.79926e-005
2.33322e-005
-3.33288e-005
-3.26594e-005
2.76512e-005
-5.3328e-006
2.43354e-005
2.06477e-005
-2.63354e-005
2.06689e-005
1.73285e-005
1.93353e-005
-1.20003e-005
3.16755e-005
-1.50067e-005
5.32983e-006
4.01101e-006
6.32913e-006
-3.34016e-006
-2.40092e-005
-6.66462e-007
1.83334e-005
2.53464e-005
1.89951e-005
8.99023e-006
2.76639e-005
1.99972e-005
-3.16598e-005
-7.33162e-006
2.3256e-006
-6.66784e-006
-2.6997e-005
-1.86629e-005
3.19958e-005
2.56554e-005
2.23257e-005
-2.19989e-005
-2.73374e-005
-2.56635e-005
-2.2656e-005
-2.86728e-005
-4.99355e-006
-1.07749e-008
2.93273e-005
-2.03314e-005
1.53302e-005
1.13183e-005
-1.93324e-005
-2.39985e-005
-3.2665e-005
3.16657e-005
-6.60721e-007
-2.10005e-005
2.334e-005
-2.96663e-005
2.10007e-005
-1.46781e-005
-1.40017e-005
1.10131e-005
-5.65647e-006
-5.00024e-006
-6.74605e-007
2.23415e-005
7.33144e-006
2.30095e-005
-4.32886e-006
-2.46635e-005
-2.59953e-005
2.43341e-005
-1.39975e-005
-2.6989e-005
-7.31558e-006
-2.83324e-005
-6.67205e-006
1.00006e-005
1.53337e-005
-2.06667e-005
2.33263e-005
-2.6331e-005
2.56668e-005
-1.66618e-005
-1.5332e-005
-2.09954e-005
2.83391e-005
-3.66917e-006
-3.00079e-005
-3.09952e-005
-3.33497e-006
-2.19922e-005
3.65852e-006
-1.63306e-005
-2.73277e-005
2.43187e-005
4.64952e-006
-1.7655e-005
2.56532e-005
-9.6518e-006
5.33144e-006
-1.86632e-005
-2.63314e-005
-6.33424e-006
-8.66777e-006
-1.50035e-005
1.93411e-005
1.99999e-006
2.96665e-005
2.26515e-005
7.33248e-006
1.43313e-005
1.3002e-005
1.66649e-005
-1.96625e-005
7.00774e-006
-1.9328e-005
-1.76581e-005
2.56672e-005
3.26761e-005
2.63291e-005
-2.6685e-006
3.13276e-005
2.43368e-005
-1.86662e-005
