Build started 16.12.2016 2:28:39.
     1>Project "C:\Sources\itmo-c++labs\omp_2\omp_2\omp_2.vcxproj" on node 2 (Build target(s)).
     1>ClCompile:
         C:\Program Files (x86)\Microsoft Visual Studio 12.0\VC\bin\CL.exe /c /ZI /nologo /W3 /WX- /sdl /Od /Oy- /D WIN32 /D _DEBUG /D _CONSOLE /D _LIB /D _UNICODE /D UNICODE /Gm /EHsc /RTC1 /MDd /GS /fp:precise /Zc:wchar_t /Zc:forScope /Yu"stdafx.h" /Fp"Debug\omp_2.pch" /Fo"Debug\\" /Fd"Debug\vc120.pdb" /Gd /TP /analyze- /errorReport:prompt omp_2.cpp
         omp_2.cpp
     1>c:\sources\itmo-c++labs\omp_2\omp_2\omp_2.cpp(204): warning C4627: '#include <iostream>': skipped when looking for precompiled header use
                 Add directive to 'stdafx.h' or rebuild precompiled header
     1>c:\sources\itmo-c++labs\omp_2\omp_2\omp_2.cpp(205): warning C4627: '#include <fstream>': skipped when looking for precompiled header use
                 Add directive to 'stdafx.h' or rebuild precompiled header
     1>c:\sources\itmo-c++labs\omp_2\omp_2\omp_2.cpp(206): warning C4627: '#include <vector>': skipped when looking for precompiled header use
                 Add directive to 'stdafx.h' or rebuild precompiled header
     1>c:\sources\itmo-c++labs\omp_2\omp_2\omp_2.cpp(207): warning C4627: '#include <utility>': skipped when looking for precompiled header use
                 Add directive to 'stdafx.h' or rebuild precompiled header
     1>c:\sources\itmo-c++labs\omp_2\omp_2\omp_2.cpp(208): warning C4627: '#include <chrono>': skipped when looking for precompiled header use
                 Add directive to 'stdafx.h' or rebuild precompiled header
     1>c:\sources\itmo-c++labs\omp_2\omp_2\omp_2.cpp(209): warning C4627: '#include <omp.h>': skipped when looking for precompiled header use
                 Add directive to 'stdafx.h' or rebuild precompiled header
     1>c:\sources\itmo-c++labs\omp_2\omp_2\omp_2.cpp(210): warning C4627: '#include <algorithm>': skipped when looking for precompiled header use
                 Add directive to 'stdafx.h' or rebuild precompiled header
     1>c:\sources\itmo-c++labs\omp_2\omp_2\omp_2.cpp(357): fatal error C1010: unexpected end of file while looking for precompiled header. Did you forget to add '#include "stdafx.h"' to your source?
     1>Done Building Project "C:\Sources\itmo-c++labs\omp_2\omp_2\omp_2.vcxproj" (Build target(s)) -- FAILED.

Build FAILED.

Time Elapsed 00:00:00.25
